{"message":"Unauthorized request to path: ","level":"error"}
{"message":"Title is required","level":"error"}
{"message":"Title is required","level":"error"}
{"message":"Title is required","level":"error"}
{"message":"Title is required","level":"error"}
{"message":"Title is required","level":"error"}
{"message":"Title is required","level":"error"}
{"message":"Title is required","level":"error"}
{"message":"Title is required","level":"error"}
{"message":"Title is required","level":"error"}
{"message":"Title is required","level":"error"}
{"message":"Title is required","level":"error"}
{"message":"Title is required","level":"error"}
{"message":"Title is required","level":"error"}
{"message":"Title is required","level":"error"}
{"message":"Bookmark with id e0673c3b-0870-43db-8b39-4b0917a72c12 created","level":"info"}
{"message":"Bookmark with id d50fd0fa-3f4c-430d-9984-af083a4a51fa created","level":"info"}
{"message":"Bookmark with id [object Object] not found.","level":"error"}
{"message":"Bookmark with id [object Object] not found.","level":"error"}
{"message":"Bookmark with id f37d24f0-287f-4f73-8e55-c682856d0bdc created","level":"info"}
{"message":"Bookmark with id 9f0ff5eb-6970-407c-b6d8-ce1675378170 created","level":"info"}
{"message":"Bookmark with id cea8117e-1006-42dc-ba97-9e6c1693efcf created","level":"info"}
{"message":"Bookmark with id aef5a639-c36d-4934-86ea-f5e4a191db0c created","level":"info"}
{"message":"Bookmark with id d9c7814c-6a92-47af-ae2d-2909168987c0 created","level":"info"}
{"message":"Bookmark with id 2b625aec-4ae5-438b-abac-61a24cccc8af created","level":"info"}
{"message":"Content is required","level":"error"}
{"message":"Content is required","level":"error"}
{"message":"Bookmark with id 8e762b35-1e62-41e5-a20c-ec545eacf890 created","level":"info"}
{"message":"Bookmark with id 9e39c7dc-2d44-49f3-84b2-d45351d9f485 created","level":"info"}
{"message":"Bookmark with id 37eff4b8-984a-4cc3-ba0e-5302eebc33ea created","level":"info"}
{"message":"Bookmark with id 07954df2-ad49-4b0b-a734-66a885ec6cb5 created","level":"info"}
{"message":"Bookmark with id cadfa53e-7e47-478e-99d1-37b149a639f9 created","level":"info"}
{"message":"Bookmark with id fa36d5cf-4dcb-4bd0-b224-d9db31ca5d78 created","level":"info"}
{"message":"Bookmark with id 0562cd6c-b287-431a-8f4a-f89d7a8dae26 created","level":"info"}
{"message":"Bookmark with id b874cba2-6282-4415-aae8-2f879fe7a88a created","level":"info"}
{"message":"Bookmark with id e885745f-81b4-4b6c-93e1-98e980a65c7f created","level":"info"}
{"message":"Rating is required","level":"error"}
{"message":"Bookmark with id 95c3f658-59e7-409d-b718-265efe2f22bd created","level":"info"}
{"message":"Bookmark with id b65c3972-162d-4d4c-bef5-33a28531011d created","level":"info"}
{"message":"Bookmark with undefined","level":"info"}
{"message":"Bookmark with id 1e530b58-497e-48e6-a10f-29ab14ce2f57 created","level":"info"}
{"message":"Bookmark with id 326d833e-66c3-4b4a-95b5-805c5e723632 created","level":"info"}
{"message":"Bookmark with undefined","level":"info"}
